MATLAB is selecting SOFTWARE OPENGL rendering.

                            < M A T L A B (R) >
                  Copyright 1984-2017 The MathWorks, Inc.
                   R2017b (9.3.0.713579) 64-bit (glnxa64)
                             September 14, 2017

 
To get started, type one of these: helpwin, helpdesk, or demo.
For product information, visit www.mathworks.com.
 
Frequency Iteration: 
     1

Starting parallel pool (parpool) using the 'local' profile ...
connected to 12 workers.
Frequency Iteration: 
     1

Frequency Iteration: 
Frequency Iteration: 
     1

Frequency Iteration: 
Frequency Iteration: 
Frequency Iteration: 
     1

Frequency Iteration: 
Frequency Iteration: 
Frequency Iteration: 
Frequency Iteration: 
Frequency Iteration: 
Frequency Iteration: 
     1

Frequency Iteration: 
     1

Frequency Iteration: 
Frequency Iteration: 
     1

Frequency Iteration: 
     1

Frequency Iteration: 
     1

     1

Frequency Iteration: 
     1

     1

Frequency Iteration: 
     1

Frequency Iteration: 
Frequency Iteration: 
     1

Frequency Iteration: 
     1

Frequency Iteration: 
Frequency Iteration: 
Frequency Iteration: 
     1

Frequency Iteration: 
     1

Frequency Iteration: 
     1

Frequency Iteration: 
     1

Frequency Iteration: 
     1

Frequency Iteration: 
     1

Frequency Iteration: 
     1

Frequency Iteration: 
     1

Frequency Iteration: 
     1

Frequency Iteration: 
     1

Frequency Iteration: 
     1

Frequency Iteration: 
     1

Frequency Iteration: 
     1

Frequency Iteration: 
     1

Frequency Iteration: 
     1

Frequency Iteration: 
     1

Frequency Iteration: 
     1

Frequency Iteration: 
     1

     1

Frequency Iteration: 
     1

Frequency Iteration: 
Frequency Iteration: 
     1

Frequency Iteration: 
     1

Frequency Iteration: 
     1

Frequency Iteration: 
     1

Frequency Iteration: 
     1

Frequency Iteration: 
     1

Frequency Iteration: 
     1

Frequency Iteration: 
Frequency Iteration: 
     1

Frequency Iteration: 
     1

Frequency Iteration: 
     1

Frequency Iteration: 
     1

Frequency Iteration: 
     1

Frequency Iteration: 
     1

     1

Frequency Iteration: 
     1

Frequency Iteration: 
     1

Frequency Iteration: 
     1

Frequency Iteration: 
     1

Frequency Iteration: 
     1

Frequency Iteration: 
     1

Frequency Iteration: 
     1

Frequency Iteration: 
     1

Frequency Iteration: 
     1

Frequency Iteration: 
srun: Job step aborted: Waiting up to 32 seconds for job step to finish.
slurmstepd: error: *** JOB 5420870 ON insy8 CANCELLED AT 2020-07-14T14:34:29 DUE TO TIME LIMIT ***
slurmstepd: error: *** STEP 5420870.0 ON insy8 CANCELLED AT 2020-07-14T14:34:29 DUE TO TIME LIMIT ***
